banca
arena
nave
casa
roma
marco
percio
oracolo
ora
orazione
netto
tornare
essere
restare
aria
alzarsi
piacere
stancandosi
investigazione
qual
latenza
china
estate
era
asse
sex
ravi
vin
navale
eccitare
regalo
lode
erica
america
caro
ardente
dalla
altalena
ultimate
eden
densita
land
dent
tiranno
ops
stai
ire
tentar
remar
restar
tari
zaino
colonna
nastro
rossetto
tonto
gettone
benevolenza
livello
lombrico
sentimentalismo
ulivo
ancora
arsenale
aletta
tarlo
ostrica
quantum
melone
eredita
ala
lama
ama
raviolo
gen
net
ten
non
ono
ara
ata
amante
estivo
volo
volonta
arrivo
vostro
rostro
orco
albero
respirare
estimate
tessera
raschiare
espellere
emanare
porta
tartaro
ormoni
